[0524/165708.967:ERROR:process_reader_win.cc(123)] NtOpenThread: {Access Denied} A process has requested access to an object, but has not been granted those access rights. (0xc0000022)
[0524/165708.991:ERROR:exception_snapshot_win.cc(98)] thread ID 21800 not found in process
[0524/165709.062:ERROR:process_reader_win.cc(151)] SuspendThread: Access is denied. (0x5)
[0524/165709.063:ERROR:process_reader_win.cc(151)] SuspendThread: Access is denied. (0x5)
[0524/165709.063:ERROR:process_reader_win.cc(151)] SuspendThread: Access is denied. (0x5)
[0524/165709.063:ERROR:process_reader_win.cc(151)] SuspendThread: Access is denied. (0x5)
[0524/165709.063:ERROR:process_reader_win.cc(123)] NtOpenThread: {Access Denied} A process has requested access to an object, but has not been granted those access rights. (0xc0000022)
[0524/165709.064:ERROR:exception_snapshot_win.cc(98)] thread ID 22496 not found in process
[0529/161829.538:ERROR:process_reader_win.cc(151)] SuspendThread: Access is denied. (0x5)
[0529/161829.550:ERROR:process_reader_win.cc(151)] SuspendThread: Access is denied. (0x5)
[0529/161829.551:ERROR:process_reader_win.cc(151)] SuspendThread: Access is denied. (0x5)
[0529/161829.551:ERROR:process_reader_win.cc(151)] SuspendThread: Access is denied. (0x5)
[0529/161829.551:ERROR:process_reader_win.cc(151)] SuspendThread: Access is denied. (0x5)
[0529/161829.551:ERROR:process_reader_win.cc(151)] SuspendThread: Access is denied. (0x5)
[0529/161829.548:ERROR:process_reader_win.cc(123)] NtOpenThread: {Access Denied} A process has requested access to an object, but has not been granted those access rights. (0xc0000022)
[0529/161829.551:ERROR:process_reader_win.cc(123)] NtOpenThread: {Access Denied} A process has requested access to an object, but has not been granted those access rights. (0xc0000022)
[0529/161829.562:ERROR:exception_snapshot_win.cc(98)] thread ID 16420 not found in process
[0529/161829.612:ERROR:process_reader_win.cc(151)] SuspendThread: Access is denied. (0x5)
[0529/161829.610:ERROR:process_reader_win.cc(151)] SuspendThread: Access is denied. (0x5)
[0529/161829.613:ERROR:process_reader_win.cc(151)] SuspendThread: Access is denied. (0x5)
[0529/161829.613:ERROR:process_reader_win.cc(151)] SuspendThread: Access is denied. (0x5)
[0529/161829.614:ERROR:process_reader_win.cc(151)] SuspendThread: Access is denied. (0x5)
[0529/161829.614:ERROR:process_reader_win.cc(123)] NtOpenThread: {Access Denied} A process has requested access to an object, but has not been granted those access rights. (0xc0000022)
[0529/161829.614:ERROR:exception_snapshot_win.cc(98)] thread ID 18916 not found in process
[0529/161829.613:ERROR:process_reader_win.cc(123)] NtOpenThread: {Access Denied} A process has requested access to an object, but has not been granted those access rights. (0xc0000022)
[0529/161829.614:ERROR:exception_snapshot_win.cc(98)] thread ID 16188 not found in process
[0529/161829.641:ERROR:process_reader_win.cc(123)] NtOpenThread: {Access Denied} A process has requested access to an object, but has not been granted those access rights. (0xc0000022)
[0529/161829.648:ERROR:exception_snapshot_win.cc(98)] thread ID 20576 not found in process
[0529/161829.562:ERROR:exception_snapshot_win.cc(98)] thread ID 19040 not found in process
[0529/161829.708:ERROR:process_reader_win.cc(151)] SuspendThread: Access is denied. (0x5)
[0529/161829.709:ERROR:process_reader_win.cc(151)] SuspendThread: Access is denied. (0x5)
[0529/161829.709:ERROR:process_reader_win.cc(151)] SuspendThread: Access is denied. (0x5)
[0529/161829.709:ERROR:process_reader_win.cc(151)] SuspendThread: Access is denied. (0x5)
[0529/161829.709:ERROR:process_reader_win.cc(123)] NtOpenThread: {Access Denied} A process has requested access to an object, but has not been granted those access rights. (0xc0000022)
[0529/161829.709:ERROR:exception_snapshot_win.cc(98)] thread ID 18404 not found in process
[0605/192233.211:ERROR:process_reader_win.cc(151)] SuspendThread: Access is denied. (0x5)
[0605/192233.213:ERROR:process_reader_win.cc(151)] SuspendThread: Access is denied. (0x5)
[0605/192233.223:ERROR:process_reader_win.cc(151)] SuspendThread: Access is denied. (0x5)
[0605/192233.223:ERROR:process_reader_win.cc(151)] SuspendThread: Access is denied. (0x5)
[0605/192233.223:ERROR:process_reader_win.cc(151)] SuspendThread: Access is denied. (0x5)
[0605/192233.223:ERROR:process_reader_win.cc(151)] SuspendThread: Access is denied. (0x5)
[0605/192233.223:ERROR:process_reader_win.cc(151)] SuspendThread: Access is denied. (0x5)
[0605/192233.223:ERROR:process_reader_win.cc(151)] SuspendThread: Access is denied. (0x5)
[0605/192233.223:ERROR:process_reader_win.cc(151)] SuspendThread: Access is denied. (0x5)
[0605/192233.223:ERROR:process_reader_win.cc(151)] SuspendThread: Access is denied. (0x5)
[0605/192233.223:ERROR:process_reader_win.cc(123)] NtOpenThread: {Access Denied} A process has requested access to an object, but has not been granted those access rights. (0xc0000022)
[0605/192233.224:ERROR:exception_snapshot_win.cc(98)] thread ID 21168 not found in process
[0605/192233.223:ERROR:process_reader_win.cc(123)] NtOpenThread: {Access Denied} A process has requested access to an object, but has not been granted those access rights. (0xc0000022)
[0605/192233.224:ERROR:exception_snapshot_win.cc(98)] thread ID 22960 not found in process
[0605/192233.237:ERROR:process_reader_win.cc(123)] NtOpenThread: {Access Denied} A process has requested access to an object, but has not been granted those access rights. (0xc0000022)
[0605/192233.238:ERROR:exception_snapshot_win.cc(98)] thread ID 15696 not found in process
[0605/192233.252:ERROR:process_reader_win.cc(123)] NtOpenThread: {Access Denied} A process has requested access to an object, but has not been granted those access rights. (0xc0000022)
[0605/192233.252:ERROR:exception_snapshot_win.cc(98)] thread ID 12268 not found in process
[0605/192233.252:ERROR:scoped_process_suspend.cc(40)] NtResumeProcess: An attempt was made to access an exiting process. (0xc000010a)
[0605/192415.314:ERROR:process_reader_win.cc(151)] SuspendThread: Access is denied. (0x5)
[0605/192415.317:ERROR:process_reader_win.cc(151)] SuspendThread: Access is denied. (0x5)
[0605/192415.317:ERROR:process_reader_win.cc(123)] NtOpenThread: {Access Denied} A process has requested access to an object, but has not been granted those access rights. (0xc0000022)
[0605/192415.318:ERROR:exception_snapshot_win.cc(98)] thread ID 21524 not found in process
[0605/192415.346:ERROR:process_reader_win.cc(123)] NtOpenThread: {Access Denied} A process has requested access to an object, but has not been granted those access rights. (0xc0000022)
[0605/192415.346:ERROR:exception_snapshot_win.cc(98)] thread ID 21932 not found in process
[0606/174141.518:ERROR:process_reader_win.cc(151)] SuspendThread: Access is denied. (0x5)
[0606/174141.530:ERROR:process_reader_win.cc(151)] SuspendThread: Access is denied. (0x5)
[0606/174141.534:ERROR:process_reader_win.cc(123)] NtOpenThread: {Access Denied} A process has requested access to an object, but has not been granted those access rights. (0xc0000022)
[0606/174141.530:ERROR:process_reader_win.cc(123)] NtOpenThread: {Access Denied} A process has requested access to an object, but has not been granted those access rights. (0xc0000022)
[0606/174141.540:ERROR:exception_snapshot_win.cc(98)] thread ID 18804 not found in process
[0606/174141.540:ERROR:exception_snapshot_win.cc(98)] thread ID 18152 not found in process
[0606/174237.072:ERROR:process_reader_win.cc(123)] NtOpenThread: {Access Denied} A process has requested access to an object, but has not been granted those access rights. (0xc0000022)
[0606/174237.074:ERROR:exception_snapshot_win.cc(98)] thread ID 19772 not found in process
[0606/174237.089:ERROR:process_reader_win.cc(123)] NtOpenThread: {Access Denied} A process has requested access to an object, but has not been granted those access rights. (0xc0000022)
[0606/174237.090:ERROR:exception_snapshot_win.cc(98)] thread ID 18716 not found in process
[0606/174305.754:ERROR:process_reader_win.cc(151)] SuspendThread: Access is denied. (0x5)
[0606/174305.757:ERROR:process_reader_win.cc(123)] NtOpenThread: {Access Denied} A process has requested access to an object, but has not been granted those access rights. (0xc0000022)
[0606/174305.757:ERROR:exception_snapshot_win.cc(98)] thread ID 19480 not found in process
[0606/174305.768:ERROR:process_reader_win.cc(151)] SuspendThread: Access is denied. (0x5)
[0606/174305.768:ERROR:process_reader_win.cc(151)] SuspendThread: Access is denied. (0x5)
[0606/174305.768:ERROR:process_reader_win.cc(123)] NtOpenThread: {Access Denied} A process has requested access to an object, but has not been granted those access rights. (0xc0000022)
[0606/174305.768:ERROR:exception_snapshot_win.cc(98)] thread ID 20424 not found in process
[0606/174305.771:ERROR:process_reader_win.cc(123)] NtOpenThread: {Access Denied} A process has requested access to an object, but has not been granted those access rights. (0xc0000022)
[0606/174305.772:ERROR:exception_snapshot_win.cc(98)] thread ID 17056 not found in process
[0606/175356.549:ERROR:process_reader_win.cc(151)] SuspendThread: Access is denied. (0x5)
[0606/175356.551:ERROR:process_reader_win.cc(151)] SuspendThread: Access is denied. (0x5)
[0606/175356.551:ERROR:process_reader_win.cc(123)] NtOpenThread: {Access Denied} A process has requested access to an object, but has not been granted those access rights. (0xc0000022)
[0606/175356.552:ERROR:exception_snapshot_win.cc(98)] thread ID 19520 not found in process
[0606/175356.550:ERROR:process_reader_win.cc(151)] SuspendThread: Access is denied. (0x5)
[0606/175356.552:ERROR:process_reader_win.cc(123)] NtOpenThread: {Access Denied} A process has requested access to an object, but has not been granted those access rights. (0xc0000022)
[0606/175356.553:ERROR:exception_snapshot_win.cc(98)] thread ID 10008 not found in process
[0606/175356.570:ERROR:process_reader_win.cc(123)] NtOpenThread: {Access Denied} A process has requested access to an object, but has not been granted those access rights. (0xc0000022)
[0606/175356.571:ERROR:exception_snapshot_win.cc(98)] thread ID 20604 not found in process
[0606/175356.575:ERROR:process_reader_win.cc(123)] NtOpenThread: {Access Denied} A process has requested access to an object, but has not been granted those access rights. (0xc0000022)
[0606/175356.575:ERROR:exception_snapshot_win.cc(98)] thread ID 20592 not found in process
[0606/175415.051:ERROR:process_reader_win.cc(123)] NtOpenThread: {Access Denied} A process has requested access to an object, but has not been granted those access rights. (0xc0000022)
[0606/175415.054:ERROR:exception_snapshot_win.cc(98)] thread ID 22228 not found in process
[0606/175415.062:ERROR:process_reader_win.cc(123)] NtOpenThread: {Access Denied} A process has requested access to an object, but has not been granted those access rights. (0xc0000022)
[0606/175415.062:ERROR:exception_snapshot_win.cc(98)] thread ID 22224 not found in process
[0606/175415.083:ERROR:process_reader_win.cc(123)] NtOpenThread: {Access Denied} A process has requested access to an object, but has not been granted those access rights. (0xc0000022)
[0606/175415.083:ERROR:exception_snapshot_win.cc(98)] thread ID 22060 not found in process
[0607/223740.124:ERROR:process_reader_win.cc(123)] NtOpenThread: {Access Denied} A process has requested access to an object, but has not been granted those access rights. (0xc0000022)
[0607/223740.128:ERROR:process_reader_win.cc(123)] NtOpenThread: {Access Denied} A process has requested access to an object, but has not been granted those access rights. (0xc0000022)
[0607/223740.143:ERROR:exception_snapshot_win.cc(98)] thread ID 15928 not found in process
[0607/223740.143:ERROR:exception_snapshot_win.cc(98)] thread ID 15564 not found in process
[0607/224653.865:ERROR:process_reader_win.cc(123)] NtOpenThread: {Access Denied} A process has requested access to an object, but has not been granted those access rights. (0xc0000022)
[0607/224653.867:ERROR:exception_snapshot_win.cc(98)] thread ID 20984 not found in process
[0607/224653.911:ERROR:process_reader_win.cc(123)] NtOpenThread: {Access Denied} A process has requested access to an object, but has not been granted those access rights. (0xc0000022)
[0607/224653.911:ERROR:exception_snapshot_win.cc(98)] thread ID 22496 not found in process
[0607/224653.967:ERROR:process_reader_win.cc(151)] SuspendThread: Access is denied. (0x5)
[0607/224653.969:ERROR:process_reader_win.cc(151)] SuspendThread: Access is denied. (0x5)
[0607/224653.969:ERROR:process_reader_win.cc(123)] NtOpenThread: {Access Denied} A process has requested access to an object, but has not been granted those access rights. (0xc0000022)
[0607/224653.970:ERROR:exception_snapshot_win.cc(98)] thread ID 22096 not found in process
[0607/224654.009:ERROR:process_reader_win.cc(151)] SuspendThread: Access is denied. (0x5)
[0607/224654.009:ERROR:process_reader_win.cc(151)] SuspendThread: Access is denied. (0x5)
[0607/224654.010:ERROR:process_reader_win.cc(151)] SuspendThread: Access is denied. (0x5)
[0607/224654.010:ERROR:process_reader_win.cc(151)] SuspendThread: Access is denied. (0x5)
[0607/224654.010:ERROR:process_reader_win.cc(151)] SuspendThread: Access is denied. (0x5)
[0607/224654.010:ERROR:process_reader_win.cc(123)] NtOpenThread: {Access Denied} A process has requested access to an object, but has not been granted those access rights. (0xc0000022)
[0607/224654.010:ERROR:exception_snapshot_win.cc(98)] thread ID 21028 not found in process
[0608/155009.807:ERROR:process_reader_win.cc(123)] NtOpenThread: {Access Denied} A process has requested access to an object, but has not been granted those access rights. (0xc0000022)
[0608/155009.833:ERROR:exception_snapshot_win.cc(98)] thread ID 2612 not found in process
[0608/155009.833:ERROR:scoped_process_suspend.cc(40)] NtResumeProcess: An attempt was made to access an exiting process. (0xc000010a)
[0608/155034.958:ERROR:process_reader_win.cc(123)] NtOpenThread: {Access Denied} A process has requested access to an object, but has not been granted those access rights. (0xc0000022)
[0608/155034.960:ERROR:exception_snapshot_win.cc(98)] thread ID 18908 not found in process
[0608/155034.981:ERROR:process_reader_win.cc(123)] NtOpenThread: {Access Denied} A process has requested access to an object, but has not been granted those access rights. (0xc0000022)
[0608/155034.981:ERROR:exception_snapshot_win.cc(98)] thread ID 18892 not found in process
[0608/162455.740:ERROR:process_reader_win.cc(123)] NtOpenThread: {Access Denied} A process has requested access to an object, but has not been granted those access rights. (0xc0000022)
[0608/162455.743:ERROR:exception_snapshot_win.cc(98)] thread ID 19924 not found in process
[0608/162455.787:ERROR:process_reader_win.cc(123)] NtOpenThread: {Access Denied} A process has requested access to an object, but has not been granted those access rights. (0xc0000022)
[0608/162455.787:ERROR:exception_snapshot_win.cc(98)] thread ID 4260 not found in process
[0608/162455.843:ERROR:process_reader_win.cc(123)] NtOpenThread: {Access Denied} A process has requested access to an object, but has not been granted those access rights. (0xc0000022)
[0608/162455.845:ERROR:exception_snapshot_win.cc(98)] thread ID 20864 not found in process
[0608/162455.893:ERROR:process_reader_win.cc(123)] NtOpenThread: {Access Denied} A process has requested access to an object, but has not been granted those access rights. (0xc0000022)
[0608/162455.893:ERROR:exception_snapshot_win.cc(98)] thread ID 22580 not found in process
[0608/164128.641:ERROR:process_reader_win.cc(151)] SuspendThread: Access is denied. (0x5)
[0608/164128.644:ERROR:process_reader_win.cc(123)] NtOpenThread: {Access Denied} A process has requested access to an object, but has not been granted those access rights. (0xc0000022)
[0608/164128.644:ERROR:exception_snapshot_win.cc(98)] thread ID 17688 not found in process
[0608/164128.689:ERROR:process_reader_win.cc(123)] NtOpenThread: {Access Denied} A process has requested access to an object, but has not been granted those access rights. (0xc0000022)
[0608/164128.689:ERROR:exception_snapshot_win.cc(98)] thread ID 19020 not found in process
[0608/171614.301:ERROR:process_reader_win.cc(151)] SuspendThread: Access is denied. (0x5)
[0608/171614.303:ERROR:process_reader_win.cc(151)] SuspendThread: Access is denied. (0x5)
[0608/171614.303:ERROR:process_reader_win.cc(151)] SuspendThread: Access is denied. (0x5)
[0608/171614.303:ERROR:process_reader_win.cc(151)] SuspendThread: Access is denied. (0x5)
[0608/171614.303:ERROR:process_reader_win.cc(151)] SuspendThread: Access is denied. (0x5)
[0608/171614.303:ERROR:process_reader_win.cc(151)] SuspendThread: Access is denied. (0x5)
[0608/171614.303:ERROR:process_reader_win.cc(151)] SuspendThread: Access is denied. (0x5)
[0608/171614.303:ERROR:process_reader_win.cc(151)] SuspendThread: Access is denied. (0x5)
[0608/171614.303:ERROR:process_reader_win.cc(151)] SuspendThread: Access is denied. (0x5)
[0608/171614.303:ERROR:process_reader_win.cc(151)] SuspendThread: Access is denied. (0x5)
[0608/171614.303:ERROR:process_reader_win.cc(151)] SuspendThread: Access is denied. (0x5)
[0608/171614.303:ERROR:process_reader_win.cc(151)] SuspendThread: Access is denied. (0x5)
[0608/171614.303:ERROR:process_reader_win.cc(151)] SuspendThread: Access is denied. (0x5)
[0608/171614.303:ERROR:process_reader_win.cc(151)] SuspendThread: Access is denied. (0x5)
[0608/171614.303:ERROR:process_reader_win.cc(151)] SuspendThread: Access is denied. (0x5)
[0608/171614.303:ERROR:process_reader_win.cc(151)] SuspendThread: Access is denied. (0x5)
[0608/171614.303:ERROR:process_reader_win.cc(151)] SuspendThread: Access is denied. (0x5)
[0608/171614.303:ERROR:process_reader_win.cc(151)] SuspendThread: Access is denied. (0x5)
[0608/171614.303:ERROR:process_reader_win.cc(151)] SuspendThread: Access is denied. (0x5)
[0608/171614.303:ERROR:process_reader_win.cc(151)] SuspendThread: Access is denied. (0x5)
[0608/171614.303:ERROR:process_reader_win.cc(151)] SuspendThread: Access is denied. (0x5)
[0608/171614.303:ERROR:process_reader_win.cc(151)] SuspendThread: Access is denied. (0x5)
[0608/171614.303:ERROR:process_reader_win.cc(151)] SuspendThread: Access is denied. (0x5)
[0608/171614.303:ERROR:process_reader_win.cc(151)] SuspendThread: Access is denied. (0x5)
[0608/171614.303:ERROR:process_reader_win.cc(151)] SuspendThread: Access is denied. (0x5)
[0608/171614.304:ERROR:process_reader_win.cc(151)] SuspendThread: Access is denied. (0x5)
[0608/171614.304:ERROR:process_reader_win.cc(151)] SuspendThread: Access is denied. (0x5)
[0608/171614.304:ERROR:process_reader_win.cc(123)] NtOpenThread: {Access Denied} A process has requested access to an object, but has not been granted those access rights. (0xc0000022)
[0608/171614.305:ERROR:exception_snapshot_win.cc(98)] thread ID 11740 not found in process
[0608/171614.304:ERROR:process_reader_win.cc(151)] SuspendThread: Access is denied. (0x5)
[0608/171614.307:ERROR:process_reader_win.cc(151)] SuspendThread: Access is denied. (0x5)
[0608/171614.307:ERROR:process_reader_win.cc(151)] SuspendThread: Access is denied. (0x5)
[0608/171614.307:ERROR:process_reader_win.cc(151)] SuspendThread: Access is denied. (0x5)
[0608/171614.307:ERROR:process_reader_win.cc(151)] SuspendThread: Access is denied. (0x5)
[0608/171614.305:ERROR:process_reader_win.cc(151)] SuspendThread: Access is denied. (0x5)
[0608/171614.307:ERROR:process_reader_win.cc(151)] SuspendThread: Access is denied. (0x5)
[0608/171614.307:ERROR:process_reader_win.cc(151)] SuspendThread: Access is denied. (0x5)
[0608/171614.307:ERROR:process_reader_win.cc(151)] SuspendThread: Access is denied. (0x5)
[0608/171614.307:ERROR:process_reader_win.cc(151)] SuspendThread: Access is denied. (0x5)
[0608/171614.307:ERROR:process_reader_win.cc(151)] SuspendThread: Access is denied. (0x5)
[0608/171614.307:ERROR:process_reader_win.cc(151)] SuspendThread: Access is denied. (0x5)
[0608/171614.307:ERROR:process_reader_win.cc(151)] SuspendThread: Access is denied. (0x5)
[0608/171614.307:ERROR:process_reader_win.cc(151)] SuspendThread: Access is denied. (0x5)
[0608/171614.307:ERROR:process_reader_win.cc(151)] SuspendThread: Access is denied. (0x5)
[0608/171614.307:ERROR:process_reader_win.cc(151)] SuspendThread: Access is denied. (0x5)
[0608/171614.307:ERROR:process_reader_win.cc(151)] SuspendThread: Access is denied. (0x5)
[0608/171614.307:ERROR:process_reader_win.cc(151)] SuspendThread: Access is denied. (0x5)
[0608/171614.307:ERROR:process_reader_win.cc(151)] SuspendThread: Access is denied. (0x5)
[0608/171614.307:ERROR:process_reader_win.cc(151)] SuspendThread: Access is denied. (0x5)
[0608/171614.307:ERROR:process_reader_win.cc(151)] SuspendThread: Access is denied. (0x5)
[0608/171614.307:ERROR:process_reader_win.cc(151)] SuspendThread: Access is denied. (0x5)
[0608/171614.307:ERROR:process_reader_win.cc(151)] SuspendThread: Access is denied. (0x5)
[0608/171614.307:ERROR:process_reader_win.cc(151)] SuspendThread: Access is denied. (0x5)
[0608/171614.307:ERROR:process_reader_win.cc(151)] SuspendThread: Access is denied. (0x5)
[0608/171614.307:ERROR:process_reader_win.cc(151)] SuspendThread: Access is denied. (0x5)
[0608/171614.307:ERROR:process_reader_win.cc(151)] SuspendThread: Access is denied. (0x5)
[0608/171614.307:ERROR:process_reader_win.cc(151)] SuspendThread: Access is denied. (0x5)
[0608/171614.307:ERROR:process_reader_win.cc(151)] SuspendThread: Access is denied. (0x5)
[0608/171614.307:ERROR:process_reader_win.cc(151)] SuspendThread: Access is denied. (0x5)
[0608/171614.307:ERROR:process_reader_win.cc(151)] SuspendThread: Access is denied. (0x5)
[0608/171614.307:ERROR:process_reader_win.cc(151)] SuspendThread: Access is denied. (0x5)
[0608/171614.307:ERROR:process_reader_win.cc(151)] SuspendThread: Access is denied. (0x5)
[0608/171614.307:ERROR:process_reader_win.cc(151)] SuspendThread: Access is denied. (0x5)
[0608/171614.307:ERROR:process_reader_win.cc(151)] SuspendThread: Access is denied. (0x5)
[0608/171614.307:ERROR:process_reader_win.cc(151)] SuspendThread: Access is denied. (0x5)
[0608/171614.307:ERROR:process_reader_win.cc(151)] SuspendThread: Access is denied. (0x5)
[0608/171614.307:ERROR:process_reader_win.cc(151)] SuspendThread: Access is denied. (0x5)
[0608/171614.307:ERROR:process_reader_win.cc(151)] SuspendThread: Access is denied. (0x5)
[0608/171614.307:ERROR:process_reader_win.cc(151)] SuspendThread: Access is denied. (0x5)
[0608/171614.307:ERROR:process_reader_win.cc(151)] SuspendThread: Access is denied. (0x5)
[0608/171614.307:ERROR:process_reader_win.cc(151)] SuspendThread: Access is denied. (0x5)
[0608/171614.307:ERROR:process_reader_win.cc(151)] SuspendThread: Access is denied. (0x5)
[0608/171614.307:ERROR:process_reader_win.cc(151)] SuspendThread: Access is denied. (0x5)
[0608/171614.307:ERROR:process_reader_win.cc(151)] SuspendThread: Access is denied. (0x5)
[0608/171614.307:ERROR:process_reader_win.cc(151)] SuspendThread: Access is denied. (0x5)
[0608/171614.307:ERROR:process_reader_win.cc(151)] SuspendThread: Access is denied. (0x5)
[0608/171614.307:ERROR:process_reader_win.cc(151)] SuspendThread: Access is denied. (0x5)
[0608/171614.307:ERROR:process_reader_win.cc(151)] SuspendThread: Access is denied. (0x5)
[0608/171614.307:ERROR:process_reader_win.cc(151)] SuspendThread: Access is denied. (0x5)
[0608/171614.307:ERROR:process_reader_win.cc(151)] SuspendThread: Access is denied. (0x5)
[0608/171614.307:ERROR:process_reader_win.cc(151)] SuspendThread: Access is denied. (0x5)
[0608/171614.307:ERROR:process_reader_win.cc(151)] SuspendThread: Access is denied. (0x5)
[0608/171614.307:ERROR:process_reader_win.cc(151)] SuspendThread: Access is denied. (0x5)
[0608/171614.307:ERROR:process_reader_win.cc(151)] SuspendThread: Access is denied. (0x5)
[0608/171614.307:ERROR:process_reader_win.cc(151)] SuspendThread: Access is denied. (0x5)
[0608/171614.308:ERROR:process_reader_win.cc(151)] SuspendThread: Access is denied. (0x5)
[0608/171614.308:ERROR:process_reader_win.cc(151)] SuspendThread: Access is denied. (0x5)
[0608/171614.308:ERROR:process_reader_win.cc(151)] SuspendThread: Access is denied. (0x5)
[0608/171614.308:ERROR:process_reader_win.cc(151)] SuspendThread: Access is denied. (0x5)
[0608/171614.308:ERROR:process_reader_win.cc(123)] NtOpenThread: {Access Denied} A process has requested access to an object, but has not been granted those access rights. (0xc0000022)
[0608/171614.308:ERROR:exception_snapshot_win.cc(98)] thread ID 23672 not found in process
[0608/171614.308:ERROR:process_reader_win.cc(123)] NtOpenThread: {Access Denied} A process has requested access to an object, but has not been granted those access rights. (0xc0000022)
[0608/171614.308:ERROR:exception_snapshot_win.cc(98)] thread ID 9568 not found in process
[0608/171614.350:ERROR:process_reader_win.cc(151)] SuspendThread: Access is denied. (0x5)
[0608/171614.350:ERROR:process_reader_win.cc(123)] NtOpenThread: {Access Denied} A process has requested access to an object, but has not been granted those access rights. (0xc0000022)
[0608/171614.350:ERROR:exception_snapshot_win.cc(98)] thread ID 13176 not found in process
[0608/171614.351:ERROR:process_reader_win.cc(151)] SuspendThread: Access is denied. (0x5)
[0608/171614.351:ERROR:process_reader_win.cc(123)] NtOpenThread: {Access Denied} A process has requested access to an object, but has not been granted those access rights. (0xc0000022)
[0608/171614.351:ERROR:exception_snapshot_win.cc(98)] thread ID 19672 not found in process
[0608/171614.353:ERROR:process_reader_win.cc(151)] SuspendThread: Access is denied. (0x5)
[0608/171614.353:ERROR:process_reader_win.cc(151)] SuspendThread: Access is denied. (0x5)
[0608/171614.353:ERROR:process_reader_win.cc(123)] NtOpenThread: {Access Denied} A process has requested access to an object, but has not been granted those access rights. (0xc0000022)
[0608/171614.354:ERROR:exception_snapshot_win.cc(98)] thread ID 14536 not found in process
[0608/171614.370:ERROR:process_reader_win.cc(151)] SuspendThread: Access is denied. (0x5)
[0608/171614.370:ERROR:process_reader_win.cc(123)] NtOpenThread: {Access Denied} A process has requested access to an object, but has not been granted those access rights. (0xc0000022)
[0608/171614.370:ERROR:exception_snapshot_win.cc(98)] thread ID 23932 not found in process
[0608/171756.195:ERROR:process_reader_win.cc(151)] SuspendThread: Access is denied. (0x5)
[0608/171756.197:ERROR:process_reader_win.cc(123)] NtOpenThread: {Access Denied} A process has requested access to an object, but has not been granted those access rights. (0xc0000022)
[0608/171756.198:ERROR:exception_snapshot_win.cc(98)] thread ID 16908 not found in process
[0608/171756.206:ERROR:process_reader_win.cc(151)] SuspendThread: Access is denied. (0x5)
[0608/171756.207:ERROR:process_reader_win.cc(123)] NtOpenThread: {Access Denied} A process has requested access to an object, but has not been granted those access rights. (0xc0000022)
[0608/171756.207:ERROR:exception_snapshot_win.cc(98)] thread ID 23584 not found in process
[0608/171756.211:ERROR:process_reader_win.cc(151)] SuspendThread: Access is denied. (0x5)
[0608/171756.213:ERROR:process_reader_win.cc(151)] SuspendThread: Access is denied. (0x5)
[0608/171756.213:ERROR:process_reader_win.cc(151)] SuspendThread: Access is denied. (0x5)
[0608/171756.213:ERROR:process_reader_win.cc(151)] SuspendThread: Access is denied. (0x5)
[0608/171756.213:ERROR:process_reader_win.cc(151)] SuspendThread: Access is denied. (0x5)
[0608/171756.213:ERROR:process_reader_win.cc(151)] SuspendThread: Access is denied. (0x5)
[0608/171756.213:ERROR:process_reader_win.cc(123)] NtOpenThread: {Access Denied} A process has requested access to an object, but has not been granted those access rights. (0xc0000022)
[0608/171756.214:ERROR:exception_snapshot_win.cc(98)] thread ID 22612 not found in process
[0608/171756.213:ERROR:process_reader_win.cc(123)] NtOpenThread: {Access Denied} A process has requested access to an object, but has not been granted those access rights. (0xc0000022)
[0608/171756.215:ERROR:exception_snapshot_win.cc(98)] thread ID 24256 not found in process
[0608/171756.225:ERROR:process_reader_win.cc(123)] NtOpenThread: {Access Denied} A process has requested access to an object, but has not been granted those access rights. (0xc0000022)
[0608/171756.225:ERROR:exception_snapshot_win.cc(98)] thread ID 17776 not found in process
[0608/171934.101:ERROR:process_reader_win.cc(151)] SuspendThread: Access is denied. (0x5)
[0608/171934.104:ERROR:process_reader_win.cc(151)] SuspendThread: Access is denied. (0x5)
[0608/171934.104:ERROR:process_reader_win.cc(123)] NtOpenThread: {Access Denied} A process has requested access to an object, but has not been granted those access rights. (0xc0000022)
[0608/171934.104:ERROR:exception_snapshot_win.cc(98)] thread ID 17496 not found in process
[0608/171934.124:ERROR:process_reader_win.cc(151)] SuspendThread: Access is denied. (0x5)
[0608/171934.125:ERROR:process_reader_win.cc(151)] SuspendThread: Access is denied. (0x5)
[0608/171934.125:ERROR:process_reader_win.cc(151)] SuspendThread: Access is denied. (0x5)
[0608/171934.125:ERROR:process_reader_win.cc(151)] SuspendThread: Access is denied. (0x5)
[0608/171934.125:ERROR:process_reader_win.cc(151)] SuspendThread: Access is denied. (0x5)
[0608/171934.125:ERROR:process_reader_win.cc(151)] SuspendThread: Access is denied. (0x5)
[0608/171934.125:ERROR:process_reader_win.cc(123)] NtOpenThread: {Access Denied} A process has requested access to an object, but has not been granted those access rights. (0xc0000022)
[0608/171934.125:ERROR:exception_snapshot_win.cc(98)] thread ID 24424 not found in process
[0608/213312.231:ERROR:process_reader_win.cc(151)] SuspendThread: Access is denied. (0x5)
[0608/213312.233:ERROR:process_reader_win.cc(151)] SuspendThread: Access is denied. (0x5)
[0608/213312.233:ERROR:process_reader_win.cc(151)] SuspendThread: Access is denied. (0x5)
[0608/213312.233:ERROR:process_reader_win.cc(151)] SuspendThread: Access is denied. (0x5)
[0608/213312.233:ERROR:process_reader_win.cc(151)] SuspendThread: Access is denied. (0x5)
[0608/213312.233:ERROR:process_reader_win.cc(151)] SuspendThread: Access is denied. (0x5)
[0608/213312.233:ERROR:process_reader_win.cc(151)] SuspendThread: Access is denied. (0x5)
[0608/213312.233:ERROR:process_reader_win.cc(151)] SuspendThread: Access is denied. (0x5)
[0608/213312.233:ERROR:process_reader_win.cc(151)] SuspendThread: Access is denied. (0x5)
[0608/213312.233:ERROR:process_reader_win.cc(151)] SuspendThread: Access is denied. (0x5)
[0608/213312.233:ERROR:process_reader_win.cc(151)] SuspendThread: Access is denied. (0x5)
[0608/213312.233:ERROR:process_reader_win.cc(123)] NtOpenThread: {Access Denied} A process has requested access to an object, but has not been granted those access rights. (0xc0000022)
[0608/213312.234:ERROR:exception_snapshot_win.cc(98)] thread ID 27452 not found in process
[0608/213312.235:ERROR:process_reader_win.cc(151)] SuspendThread: Access is denied. (0x5)
[0608/213312.237:ERROR:process_reader_win.cc(151)] SuspendThread: Access is denied. (0x5)
[0608/213312.237:ERROR:process_reader_win.cc(151)] SuspendThread: Access is denied. (0x5)
[0608/213312.237:ERROR:process_reader_win.cc(151)] SuspendThread: Access is denied. (0x5)
[0608/213312.237:ERROR:process_reader_win.cc(151)] SuspendThread: Access is denied. (0x5)
[0608/213312.237:ERROR:process_reader_win.cc(151)] SuspendThread: Access is denied. (0x5)
[0608/213312.237:ERROR:process_reader_win.cc(151)] SuspendThread: Access is denied. (0x5)
[0608/213312.237:ERROR:process_reader_win.cc(151)] SuspendThread: Access is denied. (0x5)
[0608/213312.237:ERROR:process_reader_win.cc(151)] SuspendThread: Access is denied. (0x5)
[0608/213312.237:ERROR:process_reader_win.cc(151)] SuspendThread: Access is denied. (0x5)
[0608/213312.237:ERROR:process_reader_win.cc(151)] SuspendThread: Access is denied. (0x5)
[0608/213312.237:ERROR:process_reader_win.cc(151)] SuspendThread: Access is denied. (0x5)
[0608/213312.237:ERROR:process_reader_win.cc(151)] SuspendThread: Access is denied. (0x5)
[0608/213312.237:ERROR:process_reader_win.cc(151)] SuspendThread: Access is denied. (0x5)
[0608/213312.237:ERROR:process_reader_win.cc(151)] SuspendThread: Access is denied. (0x5)
[0608/213312.237:ERROR:process_reader_win.cc(151)] SuspendThread: Access is denied. (0x5)
[0608/213312.237:ERROR:process_reader_win.cc(151)] SuspendThread: Access is denied. (0x5)
[0608/213312.237:ERROR:process_reader_win.cc(151)] SuspendThread: Access is denied. (0x5)
[0608/213312.237:ERROR:process_reader_win.cc(151)] SuspendThread: Access is denied. (0x5)
[0608/213312.237:ERROR:process_reader_win.cc(151)] SuspendThread: Access is denied. (0x5)
[0608/213312.237:ERROR:process_reader_win.cc(151)] SuspendThread: Access is denied. (0x5)
[0608/213312.237:ERROR:process_reader_win.cc(151)] SuspendThread: Access is denied. (0x5)
[0608/213312.237:ERROR:process_reader_win.cc(151)] SuspendThread: Access is denied. (0x5)
[0608/213312.237:ERROR:process_reader_win.cc(151)] SuspendThread: Access is denied. (0x5)
[0608/213312.237:ERROR:process_reader_win.cc(151)] SuspendThread: Access is denied. (0x5)
[0608/213312.237:ERROR:process_reader_win.cc(151)] SuspendThread: Access is denied. (0x5)
[0608/213312.238:ERROR:process_reader_win.cc(151)] SuspendThread: Access is denied. (0x5)
[0608/213312.238:ERROR:process_reader_win.cc(123)] NtOpenThread: {Access Denied} A process has requested access to an object, but has not been granted those access rights. (0xc0000022)
[0608/213312.238:ERROR:exception_snapshot_win.cc(98)] thread ID 27424 not found in process
[0608/213312.238:ERROR:process_reader_win.cc(151)] SuspendThread: Access is denied. (0x5)
[0608/213312.240:ERROR:process_reader_win.cc(151)] SuspendThread: Access is denied. (0x5)
[0608/213312.240:ERROR:process_reader_win.cc(151)] SuspendThread: Access is denied. (0x5)
[0608/213312.240:ERROR:process_reader_win.cc(151)] SuspendThread: Access is denied. (0x5)
[0608/213312.240:ERROR:process_reader_win.cc(151)] SuspendThread: Access is denied. (0x5)
[0608/213312.240:ERROR:process_reader_win.cc(151)] SuspendThread: Access is denied. (0x5)
[0608/213312.240:ERROR:process_reader_win.cc(151)] SuspendThread: Access is denied. (0x5)
[0608/213312.240:ERROR:process_reader_win.cc(151)] SuspendThread: Access is denied. (0x5)
[0608/213312.240:ERROR:process_reader_win.cc(151)] SuspendThread: Access is denied. (0x5)
[0608/213312.240:ERROR:process_reader_win.cc(151)] SuspendThread: Access is denied. (0x5)
[0608/213312.240:ERROR:process_reader_win.cc(151)] SuspendThread: Access is denied. (0x5)
[0608/213312.240:ERROR:process_reader_win.cc(151)] SuspendThread: Access is denied. (0x5)
[0608/213312.240:ERROR:process_reader_win.cc(151)] SuspendThread: Access is denied. (0x5)
[0608/213312.240:ERROR:process_reader_win.cc(151)] SuspendThread: Access is denied. (0x5)
[0608/213312.240:ERROR:process_reader_win.cc(151)] SuspendThread: Access is denied. (0x5)
[0608/213312.240:ERROR:process_reader_win.cc(151)] SuspendThread: Access is denied. (0x5)
[0608/213312.240:ERROR:process_reader_win.cc(151)] SuspendThread: Access is denied. (0x5)
[0608/213312.240:ERROR:process_reader_win.cc(151)] SuspendThread: Access is denied. (0x5)
[0608/213312.240:ERROR:process_reader_win.cc(151)] SuspendThread: Access is denied. (0x5)
[0608/213312.240:ERROR:process_reader_win.cc(151)] SuspendThread: Access is denied. (0x5)
[0608/213312.240:ERROR:process_reader_win.cc(151)] SuspendThread: Access is denied. (0x5)
[0608/213312.240:ERROR:process_reader_win.cc(151)] SuspendThread: Access is denied. (0x5)
[0608/213312.240:ERROR:process_reader_win.cc(151)] SuspendThread: Access is denied. (0x5)
[0608/213312.240:ERROR:process_reader_win.cc(151)] SuspendThread: Access is denied. (0x5)
[0608/213312.240:ERROR:process_reader_win.cc(151)] SuspendThread: Access is denied. (0x5)
[0608/213312.240:ERROR:process_reader_win.cc(151)] SuspendThread: Access is denied. (0x5)
[0608/213312.240:ERROR:process_reader_win.cc(151)] SuspendThread: Access is denied. (0x5)
[0608/213312.240:ERROR:process_reader_win.cc(151)] SuspendThread: Access is denied. (0x5)
[0608/213312.240:ERROR:process_reader_win.cc(151)] SuspendThread: Access is denied. (0x5)
[0608/213312.241:ERROR:process_reader_win.cc(151)] SuspendThread: Access is denied. (0x5)
[0608/213312.241:ERROR:process_reader_win.cc(151)] SuspendThread: Access is denied. (0x5)
[0608/213312.241:ERROR:process_reader_win.cc(151)] SuspendThread: Access is denied. (0x5)
[0608/213312.241:ERROR:process_reader_win.cc(151)] SuspendThread: Access is denied. (0x5)
[0608/213312.241:ERROR:process_reader_win.cc(151)] SuspendThread: Access is denied. (0x5)
[0608/213312.241:ERROR:process_reader_win.cc(151)] SuspendThread: Access is denied. (0x5)
[0608/213312.241:ERROR:process_reader_win.cc(151)] SuspendThread: Access is denied. (0x5)
[0608/213312.241:ERROR:process_reader_win.cc(151)] SuspendThread: Access is denied. (0x5)
[0608/213312.241:ERROR:process_reader_win.cc(151)] SuspendThread: Access is denied. (0x5)
[0608/213312.241:ERROR:process_reader_win.cc(151)] SuspendThread: Access is denied. (0x5)
[0608/213312.241:ERROR:process_reader_win.cc(151)] SuspendThread: Access is denied. (0x5)
[0608/213312.241:ERROR:process_reader_win.cc(151)] SuspendThread: Access is denied. (0x5)
[0608/213312.241:ERROR:process_reader_win.cc(151)] SuspendThread: Access is denied. (0x5)
[0608/213312.241:ERROR:process_reader_win.cc(123)] NtOpenThread: {Access Denied} A process has requested access to an object, but has not been granted those access rights. (0xc0000022)
[0608/213312.242:ERROR:exception_snapshot_win.cc(98)] thread ID 27400 not found in process
[0608/213312.243:ERROR:process_reader_win.cc(151)] SuspendThread: Access is denied. (0x5)
[0608/213312.246:ERROR:process_reader_win.cc(151)] SuspendThread: Access is denied. (0x5)
[0608/213312.246:ERROR:process_reader_win.cc(151)] SuspendThread: Access is denied. (0x5)
[0608/213312.246:ERROR:process_reader_win.cc(151)] SuspendThread: Access is denied. (0x5)
[0608/213312.246:ERROR:process_reader_win.cc(151)] SuspendThread: Access is denied. (0x5)
[0608/213312.246:ERROR:process_reader_win.cc(151)] SuspendThread: Access is denied. (0x5)
[0608/213312.246:ERROR:process_reader_win.cc(151)] SuspendThread: Access is denied. (0x5)
[0608/213312.246:ERROR:process_reader_win.cc(151)] SuspendThread: Access is denied. (0x5)
[0608/213312.246:ERROR:process_reader_win.cc(151)] SuspendThread: Access is denied. (0x5)
[0608/213312.246:ERROR:process_reader_win.cc(151)] SuspendThread: Access is denied. (0x5)
[0608/213312.246:ERROR:process_reader_win.cc(151)] SuspendThread: Access is denied. (0x5)
[0608/213312.246:ERROR:process_reader_win.cc(151)] SuspendThread: Access is denied. (0x5)
[0608/213312.246:ERROR:process_reader_win.cc(151)] SuspendThread: Access is denied. (0x5)
[0608/213312.246:ERROR:process_reader_win.cc(151)] SuspendThread: Access is denied. (0x5)
[0608/213312.246:ERROR:process_reader_win.cc(151)] SuspendThread: Access is denied. (0x5)
[0608/213312.246:ERROR:process_reader_win.cc(151)] SuspendThread: Access is denied. (0x5)
[0608/213312.246:ERROR:process_reader_win.cc(151)] SuspendThread: Access is denied. (0x5)
[0608/213312.246:ERROR:process_reader_win.cc(151)] SuspendThread: Access is denied. (0x5)
[0608/213312.246:ERROR:process_reader_win.cc(151)] SuspendThread: Access is denied. (0x5)
[0608/213312.246:ERROR:process_reader_win.cc(151)] SuspendThread: Access is denied. (0x5)
[0608/213312.247:ERROR:process_reader_win.cc(151)] SuspendThread: Access is denied. (0x5)
[0608/213312.247:ERROR:process_reader_win.cc(151)] SuspendThread: Access is denied. (0x5)
[0608/213312.247:ERROR:process_reader_win.cc(151)] SuspendThread: Access is denied. (0x5)
[0608/213312.247:ERROR:process_reader_win.cc(151)] SuspendThread: Access is denied. (0x5)
[0608/213312.247:ERROR:process_reader_win.cc(151)] SuspendThread: Access is denied. (0x5)
[0608/213312.247:ERROR:process_reader_win.cc(123)] NtOpenThread: {Access Denied} A process has requested access to an object, but has not been granted those access rights. (0xc0000022)
[0608/213312.247:ERROR:exception_snapshot_win.cc(98)] thread ID 27428 not found in process
[0608/213312.266:ERROR:process_reader_win.cc(151)] SuspendThread: Access is denied. (0x5)
[0608/213312.273:ERROR:process_reader_win.cc(151)] SuspendThread: Access is denied. (0x5)
[0608/213312.273:ERROR:process_reader_win.cc(151)] SuspendThread: Access is denied. (0x5)
[0608/213312.273:ERROR:process_reader_win.cc(151)] SuspendThread: Access is denied. (0x5)
[0608/213312.273:ERROR:process_reader_win.cc(151)] SuspendThread: Access is denied. (0x5)
[0608/213312.273:ERROR:process_reader_win.cc(151)] SuspendThread: Access is denied. (0x5)
[0608/213312.273:ERROR:process_reader_win.cc(151)] SuspendThread: Access is denied. (0x5)
[0608/213312.273:ERROR:process_reader_win.cc(151)] SuspendThread: Access is denied. (0x5)
[0608/213312.273:ERROR:process_reader_win.cc(151)] SuspendThread: Access is denied. (0x5)
[0608/213312.273:ERROR:process_reader_win.cc(151)] SuspendThread: Access is denied. (0x5)
[0608/213312.273:ERROR:process_reader_win.cc(151)] SuspendThread: Access is denied. (0x5)
[0608/213312.273:ERROR:process_reader_win.cc(123)] NtOpenThread: {Access Denied} A process has requested access to an object, but has not been granted those access rights. (0xc0000022)
[0608/213312.274:ERROR:exception_snapshot_win.cc(98)] thread ID 27444 not found in process
[0608/213312.283:ERROR:process_reader_win.cc(151)] SuspendThread: Access is denied. (0x5)
[0608/213312.283:ERROR:process_reader_win.cc(123)] NtOpenThread: {Access Denied} A process has requested access to an object, but has not been granted those access rights. (0xc0000022)
[0608/213312.283:ERROR:exception_snapshot_win.cc(98)] thread ID 27412 not found in process
[0608/213312.283:ERROR:process_reader_win.cc(151)] SuspendThread: Access is denied. (0x5)
[0608/213312.283:ERROR:process_reader_win.cc(123)] NtOpenThread: {Access Denied} A process has requested access to an object, but has not been granted those access rights. (0xc0000022)
[0608/213312.283:ERROR:exception_snapshot_win.cc(98)] thread ID 27440 not found in process
[0608/213312.294:ERROR:process_reader_win.cc(151)] SuspendThread: Access is denied. (0x5)
[0608/213312.294:ERROR:process_reader_win.cc(151)] SuspendThread: Access is denied. (0x5)
[0608/213312.294:ERROR:process_reader_win.cc(123)] NtOpenThread: {Access Denied} A process has requested access to an object, but has not been granted those access rights. (0xc0000022)
[0608/213312.294:ERROR:exception_snapshot_win.cc(98)] thread ID 27404 not found in process
[0608/213312.302:ERROR:process_reader_win.cc(151)] SuspendThread: Access is denied. (0x5)
[0608/213312.302:ERROR:process_reader_win.cc(151)] SuspendThread: Access is denied. (0x5)
[0608/213312.302:ERROR:process_reader_win.cc(151)] SuspendThread: Access is denied. (0x5)
[0608/213312.302:ERROR:process_reader_win.cc(151)] SuspendThread: Access is denied. (0x5)
[0608/213312.302:ERROR:process_reader_win.cc(123)] NtOpenThread: {Access Denied} A process has requested access to an object, but has not been granted those access rights. (0xc0000022)
[0608/213312.302:ERROR:exception_snapshot_win.cc(98)] thread ID 27448 not found in process
[0608/213312.303:ERROR:process_reader_win.cc(151)] SuspendThread: Access is denied. (0x5)
[0608/213312.303:ERROR:process_reader_win.cc(123)] NtOpenThread: {Access Denied} A process has requested access to an object, but has not been granted those access rights. (0xc0000022)
[0608/213312.303:ERROR:exception_snapshot_win.cc(98)] thread ID 27436 not found in process
[0608/214240.447:ERROR:process_reader_win.cc(151)] SuspendThread: Access is denied. (0x5)
[0608/214240.449:ERROR:process_reader_win.cc(123)] NtOpenThread: {Access Denied} A process has requested access to an object, but has not been granted those access rights. (0xc0000022)
[0608/214240.450:ERROR:exception_snapshot_win.cc(98)] thread ID 21796 not found in process
[0608/214240.463:ERROR:process_reader_win.cc(151)] SuspendThread: Access is denied. (0x5)
[0608/214240.465:ERROR:process_reader_win.cc(151)] SuspendThread: Access is denied. (0x5)
[0608/214240.465:ERROR:process_reader_win.cc(151)] SuspendThread: Access is denied. (0x5)
[0608/214240.465:ERROR:process_reader_win.cc(151)] SuspendThread: Access is denied. (0x5)
[0608/214240.465:ERROR:process_reader_win.cc(123)] NtOpenThread: {Access Denied} A process has requested access to an object, but has not been granted those access rights. (0xc0000022)
[0608/214240.465:ERROR:exception_snapshot_win.cc(98)] thread ID 25240 not found in process
[0608/222544.967:ERROR:process_reader_win.cc(151)] SuspendThread: Access is denied. (0x5)
[0608/222544.970:ERROR:process_reader_win.cc(151)] SuspendThread: Access is denied. (0x5)
[0608/222544.970:ERROR:process_reader_win.cc(151)] SuspendThread: Access is denied. (0x5)
[0608/222544.970:ERROR:process_reader_win.cc(151)] SuspendThread: Access is denied. (0x5)
[0608/222544.970:ERROR:process_reader_win.cc(123)] NtOpenThread: {Access Denied} A process has requested access to an object, but has not been granted those access rights. (0xc0000022)
[0608/222544.971:ERROR:exception_snapshot_win.cc(98)] thread ID 26976 not found in process
[0608/222544.970:ERROR:process_reader_win.cc(151)] SuspendThread: Access is denied. (0x5)
[0608/222544.972:ERROR:process_reader_win.cc(151)] SuspendThread: Access is denied. (0x5)
[0608/222544.972:ERROR:process_reader_win.cc(151)] SuspendThread: Access is denied. (0x5)
[0608/222544.972:ERROR:process_reader_win.cc(151)] SuspendThread: Access is denied. (0x5)
[0608/222544.972:ERROR:process_reader_win.cc(151)] SuspendThread: Access is denied. (0x5)
[0608/222544.972:ERROR:process_reader_win.cc(123)] NtOpenThread: {Access Denied} A process has requested access to an object, but has not been granted those access rights. (0xc0000022)
[0608/222544.973:ERROR:exception_snapshot_win.cc(98)] thread ID 7396 not found in process
[0608/222544.973:ERROR:process_reader_win.cc(151)] SuspendThread: Access is denied. (0x5)
[0608/222544.975:ERROR:process_reader_win.cc(151)] SuspendThread: Access is denied. (0x5)
[0608/222544.975:ERROR:process_reader_win.cc(151)] SuspendThread: Access is denied. (0x5)
[0608/222544.975:ERROR:process_reader_win.cc(123)] NtOpenThread: {Access Denied} A process has requested access to an object, but has not been granted those access rights. (0xc0000022)
[0608/222544.977:ERROR:exception_snapshot_win.cc(98)] thread ID 27624 not found in process
[0608/222544.997:ERROR:process_reader_win.cc(151)] SuspendThread: Access is denied. (0x5)
[0608/222544.997:ERROR:process_reader_win.cc(123)] NtOpenThread: {Access Denied} A process has requested access to an object, but has not been granted those access rights. (0xc0000022)
[0608/222544.997:ERROR:exception_snapshot_win.cc(98)] thread ID 24372 not found in process
[0608/222544.997:ERROR:process_reader_win.cc(151)] SuspendThread: Access is denied. (0x5)
[0608/222544.997:ERROR:process_reader_win.cc(151)] SuspendThread: Access is denied. (0x5)
[0608/222544.997:ERROR:process_reader_win.cc(123)] NtOpenThread: {Access Denied} A process has requested access to an object, but has not been granted those access rights. (0xc0000022)
[0608/222544.997:ERROR:exception_snapshot_win.cc(98)] thread ID 25864 not found in process
[0608/222545.006:ERROR:process_reader_win.cc(151)] SuspendThread: Access is denied. (0x5)
[0608/222545.006:ERROR:process_reader_win.cc(123)] NtOpenThread: {Access Denied} A process has requested access to an object, but has not been granted those access rights. (0xc0000022)
[0608/222545.007:ERROR:exception_snapshot_win.cc(98)] thread ID 27792 not found in process
[0608/223811.166:ERROR:process_reader_win.cc(151)] SuspendThread: Access is denied. (0x5)
[0608/223811.168:ERROR:process_reader_win.cc(151)] SuspendThread: Access is denied. (0x5)
[0608/223811.168:ERROR:process_reader_win.cc(151)] SuspendThread: Access is denied. (0x5)
[0608/223811.168:ERROR:process_reader_win.cc(151)] SuspendThread: Access is denied. (0x5)
[0608/223811.168:ERROR:process_reader_win.cc(151)] SuspendThread: Access is denied. (0x5)
[0608/223811.168:ERROR:process_reader_win.cc(151)] SuspendThread: Access is denied. (0x5)
[0608/223811.168:ERROR:process_reader_win.cc(151)] SuspendThread: Access is denied. (0x5)
[0608/223811.168:ERROR:process_reader_win.cc(151)] SuspendThread: Access is denied. (0x5)
[0608/223811.168:ERROR:process_reader_win.cc(151)] SuspendThread: Access is denied. (0x5)
[0608/223811.168:ERROR:process_reader_win.cc(151)] SuspendThread: Access is denied. (0x5)
[0608/223811.168:ERROR:process_reader_win.cc(151)] SuspendThread: Access is denied. (0x5)
[0608/223811.168:ERROR:process_reader_win.cc(151)] SuspendThread: Access is denied. (0x5)
[0608/223811.168:ERROR:process_reader_win.cc(151)] SuspendThread: Access is denied. (0x5)
[0608/223811.169:ERROR:process_reader_win.cc(151)] SuspendThread: Access is denied. (0x5)
[0608/223811.169:ERROR:process_reader_win.cc(151)] SuspendThread: Access is denied. (0x5)
[0608/223811.169:ERROR:process_reader_win.cc(151)] SuspendThread: Access is denied. (0x5)
[0608/223811.169:ERROR:process_reader_win.cc(151)] SuspendThread: Access is denied. (0x5)
[0608/223811.169:ERROR:process_reader_win.cc(151)] SuspendThread: Access is denied. (0x5)
[0608/223811.169:ERROR:process_reader_win.cc(151)] SuspendThread: Access is denied. (0x5)
[0608/223811.169:ERROR:process_reader_win.cc(151)] SuspendThread: Access is denied. (0x5)
[0608/223811.169:ERROR:process_reader_win.cc(151)] SuspendThread: Access is denied. (0x5)
[0608/223811.169:ERROR:process_reader_win.cc(151)] SuspendThread: Access is denied. (0x5)
[0608/223811.169:ERROR:process_reader_win.cc(151)] SuspendThread: Access is denied. (0x5)
[0608/223811.169:ERROR:process_reader_win.cc(151)] SuspendThread: Access is denied. (0x5)
[0608/223811.169:ERROR:process_reader_win.cc(123)] NtOpenThread: {Access Denied} A process has requested access to an object, but has not been granted those access rights. (0xc0000022)
[0608/223811.169:ERROR:exception_snapshot_win.cc(98)] thread ID 22020 not found in process
[0608/223811.170:ERROR:process_reader_win.cc(151)] SuspendThread: Access is denied. (0x5)
[0608/223811.173:ERROR:process_reader_win.cc(151)] SuspendThread: Access is denied. (0x5)
[0608/223811.173:ERROR:process_reader_win.cc(151)] SuspendThread: Access is denied. (0x5)
[0608/223811.173:ERROR:process_reader_win.cc(151)] SuspendThread: Access is denied. (0x5)
[0608/223811.173:ERROR:process_reader_win.cc(151)] SuspendThread: Access is denied. (0x5)
[0608/223811.173:ERROR:process_reader_win.cc(151)] SuspendThread: Access is denied. (0x5)
[0608/223811.173:ERROR:process_reader_win.cc(151)] SuspendThread: Access is denied. (0x5)
[0608/223811.173:ERROR:process_reader_win.cc(151)] SuspendThread: Access is denied. (0x5)
[0608/223811.173:ERROR:process_reader_win.cc(151)] SuspendThread: Access is denied. (0x5)
[0608/223811.173:ERROR:process_reader_win.cc(151)] SuspendThread: Access is denied. (0x5)
[0608/223811.173:ERROR:process_reader_win.cc(151)] SuspendThread: Access is denied. (0x5)
[0608/223811.173:ERROR:process_reader_win.cc(151)] SuspendThread: Access is denied. (0x5)
[0608/223811.173:ERROR:process_reader_win.cc(151)] SuspendThread: Access is denied. (0x5)
[0608/223811.173:ERROR:process_reader_win.cc(151)] SuspendThread: Access is denied. (0x5)
[0608/223811.173:ERROR:process_reader_win.cc(151)] SuspendThread: Access is denied. (0x5)
[0608/223811.173:ERROR:process_reader_win.cc(151)] SuspendThread: Access is denied. (0x5)
[0608/223811.173:ERROR:process_reader_win.cc(151)] SuspendThread: Access is denied. (0x5)
[0608/223811.173:ERROR:process_reader_win.cc(151)] SuspendThread: Access is denied. (0x5)
[0608/223811.173:ERROR:process_reader_win.cc(151)] SuspendThread: Access is denied. (0x5)
[0608/223811.173:ERROR:process_reader_win.cc(151)] SuspendThread: Access is denied. (0x5)
[0608/223811.173:ERROR:process_reader_win.cc(151)] SuspendThread: Access is denied. (0x5)
[0608/223811.173:ERROR:process_reader_win.cc(151)] SuspendThread: Access is denied. (0x5)
[0608/223811.173:ERROR:process_reader_win.cc(151)] SuspendThread: Access is denied. (0x5)
[0608/223811.173:ERROR:process_reader_win.cc(151)] SuspendThread: Access is denied. (0x5)
[0608/223811.173:ERROR:process_reader_win.cc(123)] NtOpenThread: {Access Denied} A process has requested access to an object, but has not been granted those access rights. (0xc0000022)
[0608/223811.174:ERROR:exception_snapshot_win.cc(98)] thread ID 15476 not found in process
[0608/223811.175:ERROR:process_reader_win.cc(151)] SuspendThread: Access is denied. (0x5)
[0608/223811.177:ERROR:process_reader_win.cc(151)] SuspendThread: Access is denied. (0x5)
[0608/223811.177:ERROR:process_reader_win.cc(151)] SuspendThread: Access is denied. (0x5)
[0608/223811.177:ERROR:process_reader_win.cc(151)] SuspendThread: Access is denied. (0x5)
[0608/223811.177:ERROR:process_reader_win.cc(151)] SuspendThread: Access is denied. (0x5)
[0608/223811.177:ERROR:process_reader_win.cc(151)] SuspendThread: Access is denied. (0x5)
[0608/223811.177:ERROR:process_reader_win.cc(151)] SuspendThread: Access is denied. (0x5)
[0608/223811.177:ERROR:process_reader_win.cc(151)] SuspendThread: Access is denied. (0x5)
[0608/223811.178:ERROR:process_reader_win.cc(151)] SuspendThread: Access is denied. (0x5)
[0608/223811.178:ERROR:process_reader_win.cc(151)] SuspendThread: Access is denied. (0x5)
[0608/223811.178:ERROR:process_reader_win.cc(151)] SuspendThread: Access is denied. (0x5)
[0608/223811.178:ERROR:process_reader_win.cc(151)] SuspendThread: Access is denied. (0x5)
[0608/223811.178:ERROR:process_reader_win.cc(151)] SuspendThread: Access is denied. (0x5)
[0608/223811.178:ERROR:process_reader_win.cc(151)] SuspendThread: Access is denied. (0x5)
[0608/223811.178:ERROR:process_reader_win.cc(151)] SuspendThread: Access is denied. (0x5)
[0608/223811.178:ERROR:process_reader_win.cc(151)] SuspendThread: Access is denied. (0x5)
[0608/223811.178:ERROR:process_reader_win.cc(151)] SuspendThread: Access is denied. (0x5)
[0608/223811.178:ERROR:process_reader_win.cc(151)] SuspendThread: Access is denied. (0x5)
[0608/223811.175:ERROR:process_reader_win.cc(151)] SuspendThread: Access is denied. (0x5)
[0608/223811.178:ERROR:process_reader_win.cc(151)] SuspendThread: Access is denied. (0x5)
[0608/223811.178:ERROR:process_reader_win.cc(151)] SuspendThread: Access is denied. (0x5)
[0608/223811.178:ERROR:process_reader_win.cc(151)] SuspendThread: Access is denied. (0x5)
[0608/223811.178:ERROR:process_reader_win.cc(151)] SuspendThread: Access is denied. (0x5)
[0608/223811.178:ERROR:process_reader_win.cc(151)] SuspendThread: Access is denied. (0x5)
[0608/223811.178:ERROR:process_reader_win.cc(151)] SuspendThread: Access is denied. (0x5)
[0608/223811.178:ERROR:process_reader_win.cc(151)] SuspendThread: Access is denied. (0x5)
[0608/223811.178:ERROR:process_reader_win.cc(151)] SuspendThread: Access is denied. (0x5)
[0608/223811.178:ERROR:process_reader_win.cc(151)] SuspendThread: Access is denied. (0x5)
[0608/223811.178:ERROR:process_reader_win.cc(151)] SuspendThread: Access is denied. (0x5)
[0608/223811.178:ERROR:process_reader_win.cc(151)] SuspendThread: Access is denied. (0x5)
[0608/223811.178:ERROR:process_reader_win.cc(151)] SuspendThread: Access is denied. (0x5)
[0608/223811.178:ERROR:process_reader_win.cc(151)] SuspendThread: Access is denied. (0x5)
[0608/223811.178:ERROR:process_reader_win.cc(151)] SuspendThread: Access is denied. (0x5)
[0608/223811.178:ERROR:process_reader_win.cc(151)] SuspendThread: Access is denied. (0x5)
[0608/223811.178:ERROR:process_reader_win.cc(151)] SuspendThread: Access is denied. (0x5)
[0608/223811.178:ERROR:process_reader_win.cc(151)] SuspendThread: Access is denied. (0x5)
[0608/223811.178:ERROR:process_reader_win.cc(151)] SuspendThread: Access is denied. (0x5)
[0608/223811.178:ERROR:process_reader_win.cc(151)] SuspendThread: Access is denied. (0x5)
[0608/223811.178:ERROR:process_reader_win.cc(151)] SuspendThread: Access is denied. (0x5)
[0608/223811.178:ERROR:process_reader_win.cc(151)] SuspendThread: Access is denied. (0x5)
[0608/223811.178:ERROR:process_reader_win.cc(151)] SuspendThread: Access is denied. (0x5)
[0608/223811.178:ERROR:process_reader_win.cc(151)] SuspendThread: Access is denied. (0x5)
[0608/223811.178:ERROR:process_reader_win.cc(151)] SuspendThread: Access is denied. (0x5)
[0608/223811.178:ERROR:process_reader_win.cc(151)] SuspendThread: Access is denied. (0x5)
[0608/223811.178:ERROR:process_reader_win.cc(151)] SuspendThread: Access is denied. (0x5)
[0608/223811.178:ERROR:process_reader_win.cc(151)] SuspendThread: Access is denied. (0x5)
[0608/223811.178:ERROR:process_reader_win.cc(151)] SuspendThread: Access is denied. (0x5)
[0608/223811.178:ERROR:process_reader_win.cc(151)] SuspendThread: Access is denied. (0x5)
[0608/223811.178:ERROR:process_reader_win.cc(151)] SuspendThread: Access is denied. (0x5)
[0608/223811.178:ERROR:process_reader_win.cc(151)] SuspendThread: Access is denied. (0x5)
[0608/223811.178:ERROR:process_reader_win.cc(151)] SuspendThread: Access is denied. (0x5)
[0608/223811.178:ERROR:process_reader_win.cc(151)] SuspendThread: Access is denied. (0x5)
[0608/223811.178:ERROR:process_reader_win.cc(151)] SuspendThread: Access is denied. (0x5)
[0608/223811.178:ERROR:process_reader_win.cc(151)] SuspendThread: Access is denied. (0x5)
[0608/223811.178:ERROR:process_reader_win.cc(151)] SuspendThread: Access is denied. (0x5)
[0608/223811.178:ERROR:process_reader_win.cc(123)] NtOpenThread: {Access Denied} A process has requested access to an object, but has not been granted those access rights. (0xc0000022)
[0608/223811.179:ERROR:exception_snapshot_win.cc(98)] thread ID 15224 not found in process
[0608/223811.178:ERROR:process_reader_win.cc(123)] NtOpenThread: {Access Denied} A process has requested access to an object, but has not been granted those access rights. (0xc0000022)
[0608/223811.179:ERROR:exception_snapshot_win.cc(98)] thread ID 19844 not found in process
[0608/223811.204:ERROR:process_reader_win.cc(151)] SuspendThread: Access is denied. (0x5)
[0608/223811.204:ERROR:process_reader_win.cc(151)] SuspendThread: Access is denied. (0x5)
[0608/223811.204:ERROR:process_reader_win.cc(123)] NtOpenThread: {Access Denied} A process has requested access to an object, but has not been granted those access rights. (0xc0000022)
[0608/223811.204:ERROR:process_reader_win.cc(123)] NtOpenThread: {Access Denied} A process has requested access to an object, but has not been granted those access rights. (0xc0000022)
[0608/223811.204:ERROR:exception_snapshot_win.cc(98)] thread ID 25684 not found in process
[0608/223811.204:ERROR:exception_snapshot_win.cc(98)] thread ID 9236 not found in process
[0608/223811.214:ERROR:process_reader_win.cc(151)] SuspendThread: Access is denied. (0x5)
[0608/223811.214:ERROR:process_reader_win.cc(151)] SuspendThread: Access is denied. (0x5)
[0608/223811.215:ERROR:process_reader_win.cc(123)] NtOpenThread: {Access Denied} A process has requested access to an object, but has not been granted those access rights. (0xc0000022)
[0608/223811.215:ERROR:exception_snapshot_win.cc(98)] thread ID 7984 not found in process
[0608/223811.215:ERROR:process_reader_win.cc(123)] NtOpenThread: {Access Denied} A process has requested access to an object, but has not been granted those access rights. (0xc0000022)
[0608/223811.215:ERROR:exception_snapshot_win.cc(98)] thread ID 2668 not found in process
[0608/224249.116:ERROR:process_reader_win.cc(123)] NtOpenThread: {Access Denied} A process has requested access to an object, but has not been granted those access rights. (0xc0000022)
[0608/224249.118:ERROR:exception_snapshot_win.cc(98)] thread ID 3320 not found in process
[0608/224249.167:ERROR:process_reader_win.cc(123)] NtOpenThread: {Access Denied} A process has requested access to an object, but has not been granted those access rights. (0xc0000022)
[0608/224249.167:ERROR:exception_snapshot_win.cc(98)] thread ID 27596 not found in process
[0608/224249.232:ERROR:process_reader_win.cc(123)] NtOpenThread: {Access Denied} A process has requested access to an object, but has not been granted those access rights. (0xc0000022)
[0608/224249.235:ERROR:exception_snapshot_win.cc(98)] thread ID 20560 not found in process
[0608/224249.284:ERROR:process_reader_win.cc(123)] NtOpenThread: {Access Denied} A process has requested access to an object, but has not been granted those access rights. (0xc0000022)
[0608/224249.284:ERROR:exception_snapshot_win.cc(98)] thread ID 12508 not found in process
[0609/105229.859:ERROR:process_reader_win.cc(151)] SuspendThread: Access is denied. (0x5)
[0609/105229.859:ERROR:process_reader_win.cc(151)] SuspendThread: Access is denied. (0x5)
[0609/105229.875:ERROR:process_reader_win.cc(151)] SuspendThread: Access is denied. (0x5)
[0609/105229.875:ERROR:process_reader_win.cc(151)] SuspendThread: Access is denied. (0x5)
[0609/105229.875:ERROR:process_reader_win.cc(123)] NtOpenThread: {Access Denied} A process has requested access to an object, but has not been granted those access rights. (0xc0000022)
[0609/105229.875:ERROR:exception_snapshot_win.cc(98)] thread ID 12816 not found in process
[0609/105229.875:ERROR:process_reader_win.cc(123)] NtOpenThread: {Access Denied} A process has requested access to an object, but has not been granted those access rights. (0xc0000022)
[0609/105229.875:ERROR:exception_snapshot_win.cc(98)] thread ID 7232 not found in process
[0609/105229.875:ERROR:process_reader_win.cc(151)] SuspendThread: Access is denied. (0x5)
[0609/105229.875:ERROR:process_reader_win.cc(151)] SuspendThread: Access is denied. (0x5)
[0609/105229.875:ERROR:process_reader_win.cc(151)] SuspendThread: Access is denied. (0x5)
[0609/105229.875:ERROR:process_reader_win.cc(151)] SuspendThread: Access is denied. (0x5)
[0609/105229.875:ERROR:process_reader_win.cc(151)] SuspendThread: Access is denied. (0x5)
[0609/105229.875:ERROR:process_reader_win.cc(123)] NtOpenThread: {Access Denied} A process has requested access to an object, but has not been granted those access rights. (0xc0000022)
[0609/105229.875:ERROR:exception_snapshot_win.cc(98)] thread ID 14880 not found in process
[0609/105229.890:ERROR:process_reader_win.cc(151)] SuspendThread: Access is denied. (0x5)
[0609/105229.890:ERROR:process_reader_win.cc(151)] SuspendThread: Access is denied. (0x5)
[0609/105229.890:ERROR:process_reader_win.cc(151)] SuspendThread: Access is denied. (0x5)
[0609/105229.890:ERROR:process_reader_win.cc(123)] NtOpenThread: {Access Denied} A process has requested access to an object, but has not been granted those access rights. (0xc0000022)
[0609/105229.890:ERROR:exception_snapshot_win.cc(98)] thread ID 15744 not found in process
[0609/105452.759:ERROR:process_reader_win.cc(151)] SuspendThread: Access is denied. (0x5)
[0609/105452.761:ERROR:process_reader_win.cc(151)] SuspendThread: Access is denied. (0x5)
[0609/105452.761:ERROR:process_reader_win.cc(123)] NtOpenThread: {Access Denied} A process has requested access to an object, but has not been granted those access rights. (0xc0000022)
[0609/105452.761:ERROR:exception_snapshot_win.cc(98)] thread ID 9424 not found in process
[0609/105452.778:ERROR:process_reader_win.cc(123)] NtOpenThread: {Access Denied} A process has requested access to an object, but has not been granted those access rights. (0xc0000022)
[0609/105452.778:ERROR:exception_snapshot_win.cc(98)] thread ID 16464 not found in process
[0609/105544.579:ERROR:process_reader_win.cc(123)] NtOpenThread: {Access Denied} A process has requested access to an object, but has not been granted those access rights. (0xc0000022)
[0609/105544.579:ERROR:exception_snapshot_win.cc(98)] thread ID 14392 not found in process
[0609/105544.594:ERROR:process_reader_win.cc(123)] NtOpenThread: {Access Denied} A process has requested access to an object, but has not been granted those access rights. (0xc0000022)
[0609/105544.594:ERROR:exception_snapshot_win.cc(98)] thread ID 17100 not found in process
[0609/110147.709:ERROR:process_reader_win.cc(123)] NtOpenThread: {Access Denied} A process has requested access to an object, but has not been granted those access rights. (0xc0000022)
[0609/110147.713:ERROR:exception_snapshot_win.cc(98)] thread ID 17872 not found in process
[0609/110147.737:ERROR:process_reader_win.cc(123)] NtOpenThread: {Access Denied} A process has requested access to an object, but has not been granted those access rights. (0xc0000022)
[0609/110147.737:ERROR:exception_snapshot_win.cc(98)] thread ID 17332 not found in process
[0609/110306.574:ERROR:process_reader_win.cc(123)] NtOpenThread: {Access Denied} A process has requested access to an object, but has not been granted those access rights. (0xc0000022)
[0609/110306.574:ERROR:exception_snapshot_win.cc(98)] thread ID 16620 not found in process
[0609/110306.605:ERROR:process_reader_win.cc(123)] NtOpenThread: {Access Denied} A process has requested access to an object, but has not been granted those access rights. (0xc0000022)
[0609/110306.605:ERROR:exception_snapshot_win.cc(98)] thread ID 6704 not found in process
[0609/110731.521:ERROR:process_reader_win.cc(123)] NtOpenThread: {Access Denied} A process has requested access to an object, but has not been granted those access rights. (0xc0000022)
[0609/110731.523:ERROR:exception_snapshot_win.cc(98)] thread ID 16208 not found in process
[0609/110731.552:ERROR:process_reader_win.cc(123)] NtOpenThread: {Access Denied} A process has requested access to an object, but has not been granted those access rights. (0xc0000022)
[0609/110731.553:ERROR:exception_snapshot_win.cc(98)] thread ID 18308 not found in process
[0609/111335.139:ERROR:process_reader_win.cc(151)] SuspendThread: Access is denied. (0x5)
[0609/111335.141:ERROR:process_reader_win.cc(151)] SuspendThread: Access is denied. (0x5)
[0609/111335.141:ERROR:process_reader_win.cc(123)] NtOpenThread: {Access Denied} A process has requested access to an object, but has not been granted those access rights. (0xc0000022)
[0609/111335.142:ERROR:exception_snapshot_win.cc(98)] thread ID 15748 not found in process
[0609/111335.156:ERROR:process_reader_win.cc(123)] NtOpenThread: {Access Denied} A process has requested access to an object, but has not been granted those access rights. (0xc0000022)
[0609/111335.157:ERROR:exception_snapshot_win.cc(98)] thread ID 18252 not found in process
[0609/113035.967:ERROR:process_reader_win.cc(123)] NtOpenThread: {Access Denied} A process has requested access to an object, but has not been granted those access rights. (0xc0000022)
[0609/113035.969:ERROR:exception_snapshot_win.cc(98)] thread ID 10028 not found in process
[0609/113035.986:ERROR:process_reader_win.cc(123)] NtOpenThread: {Access Denied} A process has requested access to an object, but has not been granted those access rights. (0xc0000022)
[0609/113035.986:ERROR:exception_snapshot_win.cc(98)] thread ID 9160 not found in process
[0609/113415.380:ERROR:process_reader_win.cc(151)] SuspendThread: Access is denied. (0x5)
[0609/113415.383:ERROR:process_reader_win.cc(151)] SuspendThread: Access is denied. (0x5)
[0609/113415.383:ERROR:process_reader_win.cc(123)] NtOpenThread: {Access Denied} A process has requested access to an object, but has not been granted those access rights. (0xc0000022)
[0609/113415.384:ERROR:exception_snapshot_win.cc(98)] thread ID 7488 not found in process
[0609/113415.383:ERROR:process_reader_win.cc(151)] SuspendThread: Access is denied. (0x5)
[0609/113415.385:ERROR:process_reader_win.cc(123)] NtOpenThread: {Access Denied} A process has requested access to an object, but has not been granted those access rights. (0xc0000022)
[0609/113415.385:ERROR:exception_snapshot_win.cc(98)] thread ID 5532 not found in process
[0609/113415.408:ERROR:process_reader_win.cc(123)] NtOpenThread: {Access Denied} A process has requested access to an object, but has not been granted those access rights. (0xc0000022)
[0609/113415.408:ERROR:exception_snapshot_win.cc(98)] thread ID 18420 not found in process
[0609/113415.415:ERROR:process_reader_win.cc(123)] NtOpenThread: {Access Denied} A process has requested access to an object, but has not been granted those access rights. (0xc0000022)
[0609/113415.416:ERROR:exception_snapshot_win.cc(98)] thread ID 17996 not found in process
[0609/113517.641:ERROR:process_reader_win.cc(123)] NtOpenThread: {Access Denied} A process has requested access to an object, but has not been granted those access rights. (0xc0000022)
[0609/113517.641:ERROR:exception_snapshot_win.cc(98)] thread ID 15912 not found in process
[0609/113517.656:ERROR:process_reader_win.cc(123)] NtOpenThread: {Access Denied} A process has requested access to an object, but has not been granted those access rights. (0xc0000022)
[0609/113517.656:ERROR:exception_snapshot_win.cc(98)] thread ID 17224 not found in process
[0609/141852.971:ERROR:process_reader_win.cc(151)] SuspendThread: Access is denied. (0x5)
[0609/141852.973:ERROR:process_reader_win.cc(151)] SuspendThread: Access is denied. (0x5)
[0609/141852.973:ERROR:process_reader_win.cc(151)] SuspendThread: Access is denied. (0x5)
[0609/141852.973:ERROR:process_reader_win.cc(151)] SuspendThread: Access is denied. (0x5)
[0609/141852.973:ERROR:process_reader_win.cc(151)] SuspendThread: Access is denied. (0x5)
[0609/141852.973:ERROR:process_reader_win.cc(151)] SuspendThread: Access is denied. (0x5)
[0609/141852.973:ERROR:process_reader_win.cc(151)] SuspendThread: Access is denied. (0x5)
[0609/141852.973:ERROR:process_reader_win.cc(151)] SuspendThread: Access is denied. (0x5)
[0609/141852.974:ERROR:process_reader_win.cc(151)] SuspendThread: Access is denied. (0x5)
[0609/141852.974:ERROR:process_reader_win.cc(123)] NtOpenThread: {Access Denied} A process has requested access to an object, but has not been granted those access rights. (0xc0000022)
[0609/141852.977:ERROR:exception_snapshot_win.cc(98)] thread ID 15704 not found in process
[0609/141853.034:ERROR:process_reader_win.cc(151)] SuspendThread: Access is denied. (0x5)
[0609/141853.034:ERROR:process_reader_win.cc(151)] SuspendThread: Access is denied. (0x5)
[0609/141853.034:ERROR:process_reader_win.cc(151)] SuspendThread: Access is denied. (0x5)
[0609/141853.034:ERROR:process_reader_win.cc(123)] NtOpenThread: {Access Denied} A process has requested access to an object, but has not been granted those access rights. (0xc0000022)
[0609/141853.034:ERROR:exception_snapshot_win.cc(98)] thread ID 15904 not found in process
[0609/160522.141:ERROR:process_reader_win.cc(151)] SuspendThread: Access is denied. (0x5)
[0609/160522.144:ERROR:process_reader_win.cc(123)] NtOpenThread: {Access Denied} A process has requested access to an object, but has not been granted those access rights. (0xc0000022)
[0609/160522.145:ERROR:exception_snapshot_win.cc(98)] thread ID 12492 not found in process
[0609/160522.161:ERROR:process_reader_win.cc(123)] NtOpenThread: {Access Denied} A process has requested access to an object, but has not been granted those access rights. (0xc0000022)
[0609/160522.162:ERROR:exception_snapshot_win.cc(98)] thread ID 14100 not found in process
[0609/173218.898:ERROR:process_reader_win.cc(151)] SuspendThread: Access is denied. (0x5)
[0609/173218.901:ERROR:process_reader_win.cc(123)] NtOpenThread: {Access Denied} A process has requested access to an object, but has not been granted those access rights. (0xc0000022)
[0609/173218.902:ERROR:exception_snapshot_win.cc(98)] thread ID 20660 not found in process
[0609/173218.933:ERROR:process_reader_win.cc(151)] SuspendThread: Access is denied. (0x5)
[0609/173218.935:ERROR:process_reader_win.cc(123)] NtOpenThread: {Access Denied} A process has requested access to an object, but has not been granted those access rights. (0xc0000022)
[0609/173218.935:ERROR:exception_snapshot_win.cc(98)] thread ID 2268 not found in process
[0609/173218.951:ERROR:process_reader_win.cc(151)] SuspendThread: Access is denied. (0x5)
[0609/173218.952:ERROR:process_reader_win.cc(151)] SuspendThread: Access is denied. (0x5)
[0609/173218.952:ERROR:process_reader_win.cc(151)] SuspendThread: Access is denied. (0x5)
[0609/173218.952:ERROR:process_reader_win.cc(151)] SuspendThread: Access is denied. (0x5)
[0609/173218.952:ERROR:process_reader_win.cc(151)] SuspendThread: Access is denied. (0x5)
[0609/173218.952:ERROR:process_reader_win.cc(123)] NtOpenThread: {Access Denied} A process has requested access to an object, but has not been granted those access rights. (0xc0000022)
[0609/173218.952:ERROR:exception_snapshot_win.cc(98)] thread ID 15092 not found in process
[0609/173218.962:ERROR:process_reader_win.cc(151)] SuspendThread: Access is denied. (0x5)
[0609/173218.962:ERROR:process_reader_win.cc(151)] SuspendThread: Access is denied. (0x5)
[0609/173218.962:ERROR:process_reader_win.cc(151)] SuspendThread: Access is denied. (0x5)
[0609/173218.962:ERROR:process_reader_win.cc(151)] SuspendThread: Access is denied. (0x5)
[0609/173218.962:ERROR:process_reader_win.cc(123)] NtOpenThread: {Access Denied} A process has requested access to an object, but has not been granted those access rights. (0xc0000022)
[0609/173218.962:ERROR:exception_snapshot_win.cc(98)] thread ID 5472 not found in process
[0610/211642.871:ERROR:process_reader_win.cc(123)] NtOpenThread: {Access Denied} A process has requested access to an object, but has not been granted those access rights. (0xc0000022)
[0610/211642.897:ERROR:exception_snapshot_win.cc(98)] thread ID 19924 not found in process
[0610/211642.900:ERROR:process_reader_win.cc(123)] NtOpenThread: {Access Denied} A process has requested access to an object, but has not been granted those access rights. (0xc0000022)
[0610/211642.900:ERROR:exception_snapshot_win.cc(98)] thread ID 19920 not found in process
[0624/231126.389:ERROR:process_reader_win.cc(123)] NtOpenThread: {Access Denied} A process has requested access to an object, but has not been granted those access rights. (0xc0000022)
[0624/231126.403:ERROR:exception_snapshot_win.cc(98)] thread ID 23176 not found in process
[0624/231126.412:ERROR:process_reader_win.cc(123)] NtOpenThread: {Access Denied} A process has requested access to an object, but has not been granted those access rights. (0xc0000022)
[0624/231126.412:ERROR:exception_snapshot_win.cc(98)] thread ID 23044 not found in process
[0704/173341.630:ERROR:process_reader_win.cc(151)] SuspendThread: Access is denied. (0x5)
[0704/173341.656:ERROR:process_reader_win.cc(151)] SuspendThread: Access is denied. (0x5)
[0704/173341.656:ERROR:process_reader_win.cc(123)] NtOpenThread: {Access Denied} A process has requested access to an object, but has not been granted those access rights. (0xc0000022)
[0704/173341.664:ERROR:exception_snapshot_win.cc(98)] thread ID 22040 not found in process
[0704/173341.655:ERROR:process_reader_win.cc(123)] NtOpenThread: {Access Denied} A process has requested access to an object, but has not been granted those access rights. (0xc0000022)
[0704/173341.673:ERROR:exception_snapshot_win.cc(98)] thread ID 22460 not found in process
[0704/173341.677:ERROR:process_reader_win.cc(151)] SuspendThread: Access is denied. (0x5)
[0704/173341.678:ERROR:process_reader_win.cc(151)] SuspendThread: Access is denied. (0x5)
[0704/173341.678:ERROR:process_reader_win.cc(123)] NtOpenThread: {Access Denied} A process has requested access to an object, but has not been granted those access rights. (0xc0000022)
[0704/173341.678:ERROR:exception_snapshot_win.cc(98)] thread ID 22032 not found in process
[0704/180714.804:ERROR:process_reader_win.cc(151)] SuspendThread: Access is denied. (0x5)
[0704/180714.806:ERROR:process_reader_win.cc(151)] SuspendThread: Access is denied. (0x5)
[0704/180714.807:ERROR:process_reader_win.cc(123)] NtOpenThread: {Access Denied} A process has requested access to an object, but has not been granted those access rights. (0xc0000022)
[0704/180714.807:ERROR:exception_snapshot_win.cc(98)] thread ID 19212 not found in process
[0704/180714.830:ERROR:process_reader_win.cc(151)] SuspendThread: Access is denied. (0x5)
[0704/180714.831:ERROR:process_reader_win.cc(151)] SuspendThread: Access is denied. (0x5)
[0704/180714.831:ERROR:process_reader_win.cc(151)] SuspendThread: Access is denied. (0x5)
[0704/180714.831:ERROR:process_reader_win.cc(151)] SuspendThread: Access is denied. (0x5)
[0704/180714.831:ERROR:process_reader_win.cc(151)] SuspendThread: Access is denied. (0x5)
[0704/180714.831:ERROR:process_reader_win.cc(151)] SuspendThread: Access is denied. (0x5)
[0704/180714.831:ERROR:process_reader_win.cc(123)] NtOpenThread: {Access Denied} A process has requested access to an object, but has not been granted those access rights. (0xc0000022)
[0704/180714.831:ERROR:exception_snapshot_win.cc(98)] thread ID 20168 not found in process
[0704/181135.976:ERROR:process_reader_win.cc(123)] NtOpenThread: {Access Denied} A process has requested access to an object, but has not been granted those access rights. (0xc0000022)
[0704/181135.979:ERROR:exception_snapshot_win.cc(98)] thread ID 21456 not found in process
[0704/181136.013:ERROR:process_reader_win.cc(123)] NtOpenThread: {Access Denied} A process has requested access to an object, but has not been granted those access rights. (0xc0000022)
[0704/181136.013:ERROR:exception_snapshot_win.cc(98)] thread ID 24156 not found in process
[0706/224555.559:ERROR:process_reader_win.cc(151)] SuspendThread: Access is denied. (0x5)
[0706/224555.562:ERROR:process_reader_win.cc(151)] SuspendThread: Access is denied. (0x5)
[0706/224555.567:ERROR:process_reader_win.cc(151)] SuspendThread: Access is denied. (0x5)
[0706/224555.567:ERROR:process_reader_win.cc(151)] SuspendThread: Access is denied. (0x5)
[0706/224555.567:ERROR:process_reader_win.cc(151)] SuspendThread: Access is denied. (0x5)
[0706/224555.567:ERROR:process_reader_win.cc(123)] NtOpenThread: {Access Denied} A process has requested access to an object, but has not been granted those access rights. (0xc0000022)
[0706/224555.567:ERROR:process_reader_win.cc(123)] NtOpenThread: {Access Denied} A process has requested access to an object, but has not been granted those access rights. (0xc0000022)
[0706/224555.574:ERROR:exception_snapshot_win.cc(98)] thread ID 18332 not found in process
[0706/224555.574:ERROR:exception_snapshot_win.cc(98)] thread ID 19356 not found in process
[0709/160652.318:ERROR:process_reader_win.cc(123)] NtOpenThread: {Access Denied} A process has requested access to an object, but has not been granted those access rights. (0xc0000022)
[0709/160652.365:ERROR:exception_snapshot_win.cc(98)] thread ID 14800 not found in process
[0709/160652.327:ERROR:process_reader_win.cc(123)] NtOpenThread: {Access Denied} A process has requested access to an object, but has not been granted those access rights. (0xc0000022)
[0709/160652.365:ERROR:exception_snapshot_win.cc(98)] thread ID 18808 not found in process
[0712/190535.493:ERROR:process_reader_win.cc(123)] NtOpenThread: {Access Denied} A process has requested access to an object, but has not been granted those access rights. (0xc0000022)
[0712/190535.511:ERROR:process_reader_win.cc(123)] NtOpenThread: {Access Denied} A process has requested access to an object, but has not been granted those access rights. (0xc0000022)
[0712/190535.520:ERROR:exception_snapshot_win.cc(98)] thread ID 20020 not found in process
[0712/190535.520:ERROR:exception_snapshot_win.cc(98)] thread ID 18916 not found in process
[0722/095343.618:ERROR:process_reader_win.cc(123)] NtOpenThread: {Access Denied} A process has requested access to an object, but has not been granted those access rights. (0xc0000022)
[0722/095343.639:ERROR:exception_snapshot_win.cc(98)] thread ID 3520 not found in process
[0722/095343.640:ERROR:process_reader_win.cc(123)] NtOpenThread: {Access Denied} A process has requested access to an object, but has not been granted those access rights. (0xc0000022)
[0722/095343.640:ERROR:exception_snapshot_win.cc(98)] thread ID 14280 not found in process
[0813/113909.638:ERROR:process_reader_win.cc(151)] SuspendThread: Access is denied. (0x5)
[0813/113909.647:ERROR:process_reader_win.cc(151)] SuspendThread: Access is denied. (0x5)
[0813/113909.647:ERROR:process_reader_win.cc(151)] SuspendThread: Access is denied. (0x5)
[0813/113909.647:ERROR:process_reader_win.cc(151)] SuspendThread: Access is denied. (0x5)
[0813/113909.648:ERROR:process_reader_win.cc(151)] SuspendThread: Access is denied. (0x5)
[0813/113909.648:ERROR:process_reader_win.cc(151)] SuspendThread: Access is denied. (0x5)
[0813/113909.648:ERROR:process_reader_win.cc(151)] SuspendThread: Access is denied. (0x5)
[0813/113909.648:ERROR:process_reader_win.cc(151)] SuspendThread: Access is denied. (0x5)
[0813/113909.648:ERROR:process_reader_win.cc(151)] SuspendThread: Access is denied. (0x5)
[0813/113909.648:ERROR:process_reader_win.cc(151)] SuspendThread: Access is denied. (0x5)
[0813/113909.648:ERROR:process_reader_win.cc(151)] SuspendThread: Access is denied. (0x5)
[0813/113909.648:ERROR:process_reader_win.cc(151)] SuspendThread: Access is denied. (0x5)
[0813/113909.648:ERROR:process_reader_win.cc(151)] SuspendThread: Access is denied. (0x5)
[0813/113909.648:ERROR:process_reader_win.cc(151)] SuspendThread: Access is denied. (0x5)
[0813/113909.648:ERROR:process_reader_win.cc(123)] NtOpenThread: {Access Denied} A process has requested access to an object, but has not been granted those access rights. (0xc0000022)
[0813/113909.670:ERROR:exception_snapshot_win.cc(98)] thread ID 16516 not found in process
[0813/113909.774:ERROR:process_reader_win.cc(151)] SuspendThread: Access is denied. (0x5)
[0813/113909.774:ERROR:process_reader_win.cc(151)] SuspendThread: Access is denied. (0x5)
[0813/113909.774:ERROR:process_reader_win.cc(151)] SuspendThread: Access is denied. (0x5)
[0813/113909.774:ERROR:process_reader_win.cc(151)] SuspendThread: Access is denied. (0x5)
[0813/113909.774:ERROR:process_reader_win.cc(151)] SuspendThread: Access is denied. (0x5)
[0813/113909.774:ERROR:process_reader_win.cc(123)] NtOpenThread: {Access Denied} A process has requested access to an object, but has not been granted those access rights. (0xc0000022)
[0813/113909.774:ERROR:exception_snapshot_win.cc(98)] thread ID 16520 not found in process
[0813/113948.247:ERROR:process_reader_win.cc(123)] NtOpenThread: {Access Denied} A process has requested access to an object, but has not been granted those access rights. (0xc0000022)
[0813/113948.249:ERROR:exception_snapshot_win.cc(98)] thread ID 15304 not found in process
[0813/113948.276:ERROR:process_reader_win.cc(123)] NtOpenThread: {Access Denied} A process has requested access to an object, but has not been granted those access rights. (0xc0000022)
[0813/113948.276:ERROR:exception_snapshot_win.cc(98)] thread ID 16884 not found in process
[0813/113948.345:ERROR:process_reader_win.cc(151)] SuspendThread: Access is denied. (0x5)
[0813/113948.352:ERROR:process_reader_win.cc(151)] SuspendThread: Access is denied. (0x5)
[0813/113948.352:ERROR:process_reader_win.cc(151)] SuspendThread: Access is denied. (0x5)
[0813/113948.352:ERROR:process_reader_win.cc(151)] SuspendThread: Access is denied. (0x5)
[0813/113948.352:ERROR:process_reader_win.cc(123)] NtOpenThread: {Access Denied} A process has requested access to an object, but has not been granted those access rights. (0xc0000022)
[0813/113948.353:ERROR:exception_snapshot_win.cc(98)] thread ID 9696 not found in process
[0813/113949.581:ERROR:process_reader_win.cc(123)] NtOpenThread: {Access Denied} A process has requested access to an object, but has not been granted those access rights. (0xc0000022)
[0813/113949.581:ERROR:exception_snapshot_win.cc(98)] thread ID 13344 not found in process
